2022-09-17 23:33:36,489 INFO org.springframework.boot.StartupInfoLogger [main] Starting SareetaApplication on LAPTOP-TFFITGBE with PID 19808 (C:\code\javaWebDeveloperUdacity\lesson04\finalProject\nd035-c4-Security-and-DevOps\starter_code\target\classes started by 50256 in C:\code\javaWebDeveloperUdacity\lesson04\finalProject\nd035-c4-Security-and-DevOps\starter_code)
2022-09-17 23:33:36,493 DEBUG org.springframework.boot.StartupInfoLogger [main] Running with Spring Boot v2.1.5.RELEASE, Spring v5.1.7.RELEASE
2022-09-17 23:33:36,494 INFO org.springframework.boot.SpringApplication [main] No active profile set, falling back to default profiles: default
2022-09-17 23:33:37,372 INFO org.springframework.data.repository.config.RepositoryConfigurationDelegate [main] Bootstrapping Spring Data repositories in DEFAULT mode.
2022-09-17 23:33:37,466 INFO org.springframework.data.repository.config.RepositoryConfigurationDelegate [main] Finished Spring Data repository scanning in 76ms. Found 4 repository interfaces.
2022-09-17 23:33:38,080 INFO org.springframework.context.support.PostProcessorRegistrationDelegate$BeanPostProcessorChecker [main] Bean 'org.springframework.transaction.annotation.ProxyTransactionManagementConfiguration' of type [org.springframework.transaction.annotation.ProxyTransactionManagementConfiguration$$EnhancerBySpringCGLIB$$e428de29] is not eligible for getting processed by all BeanPostProcessors (for example: not eligible for auto-proxying)
2022-09-17 23:33:38,518 INFO org.springframework.boot.web.embedded.tomcat.TomcatWebServer [main] Tomcat initialized with port(s): 9070 (http)
2022-09-17 23:33:38,541 INFO org.apache.juli.logging.DirectJDKLog [main] Initializing ProtocolHandler ["http-nio-9070"]
2022-09-17 23:33:38,551 INFO org.apache.juli.logging.DirectJDKLog [main] Starting service [Tomcat]
2022-09-17 23:33:38,553 INFO org.apache.juli.logging.DirectJDKLog [main] Starting Servlet engine: [Apache Tomcat/9.0.19]
2022-09-17 23:33:38,702 INFO org.apache.juli.logging.DirectJDKLog [main] Initializing Spring embedded WebApplicationContext
2022-09-17 23:33:38,702 INFO org.springframework.boot.web.servlet.context.ServletWebServerApplicationContext [main] Root WebApplicationContext: initialization completed in 2137 ms
2022-09-17 23:33:38,932 INFO com.zaxxer.hikari.HikariDataSource [main] HikariPool-1 - Starting...
2022-09-17 23:33:39,104 INFO com.zaxxer.hikari.HikariDataSource [main] HikariPool-1 - Start completed.
2022-09-17 23:33:39,171 INFO org.hibernate.jpa.internal.util.LogHelper [main] HHH000204: Processing PersistenceUnitInfo [
	name: default
	...]
2022-09-17 23:33:39,283 INFO org.hibernate.Version [main] HHH000412: Hibernate Core {5.3.10.Final}
2022-09-17 23:33:39,286 INFO org.hibernate.cfg.Environment [main] HHH000206: hibernate.properties not found
2022-09-17 23:33:39,490 INFO org.hibernate.annotations.common.reflection.java.JavaReflectionManager [main] HCANN000001: Hibernate Commons Annotations {5.0.4.Final}
2022-09-17 23:33:39,651 INFO org.hibernate.dialect.Dialect [main] HHH000400: Using dialect: org.hibernate.dialect.H2Dialect
2022-09-17 23:33:40,337 INFO org.hibernate.tool.schema.internal.SchemaCreatorImpl [main] HHH000476: Executing import script 'org.hibernate.tool.schema.internal.exec.ScriptSourceInputNonExistentImpl@6150afc6'
2022-09-17 23:33:40,341 INFO org.springframework.orm.jpa.AbstractEntityManagerFactoryBean [main] Initialized JPA EntityManagerFactory for persistence unit 'default'
2022-09-17 23:33:40,727 DEBUG org.springframework.web.filter.GenericFilterBean [main] Filter 'jwtAuthenticationVerificationFilter' configured for use
2022-09-17 23:33:41,038 WARN org.springframework.boot.autoconfigure.orm.jpa.JpaBaseConfiguration$JpaWebConfiguration$JpaWebMvcConfiguration [main] spring.jpa.open-in-view is enabled by default. Therefore, database queries may be performed during view rendering. Explicitly configure spring.jpa.open-in-view to disable this warning
2022-09-17 23:33:41,140 INFO org.springframework.security.web.DefaultSecurityFilterChain [main] Creating filter chain: any request, [org.springframework.security.web.context.request.async.WebAsyncManagerIntegrationFilter@28b68067, org.springframework.security.web.context.SecurityContextPersistenceFilter@74cd8c55, org.springframework.security.web.header.HeaderWriterFilter@3aed692d, org.springframework.web.filter.CorsFilter@19540247, org.springframework.security.web.authentication.logout.LogoutFilter@1999e1f5, com.example.demo.security.JwtAuthenticationFilter@acb1c9c, com.example.demo.security.JwtAuthenticationVerificationFilter@1c681761, org.springframework.security.web.savedrequest.RequestCacheAwareFilter@45e35a0d, org.springframework.security.web.servletapi.SecurityContextHolderAwareRequestFilter@22105c76, org.springframework.security.web.authentication.AnonymousAuthenticationFilter@411933, org.springframework.security.web.session.SessionManagementFilter@21579b35, org.springframework.security.web.access.ExceptionTranslationFilter@1e5e3147, org.springframework.security.web.access.intercept.FilterSecurityInterceptor@138a952f]
2022-09-17 23:33:41,282 INFO org.springframework.scheduling.concurrent.ExecutorConfigurationSupport [main] Initializing ExecutorService 'applicationTaskExecutor'
2022-09-17 23:33:41,469 INFO org.apache.juli.logging.DirectJDKLog [main] Starting ProtocolHandler ["http-nio-9070"]
2022-09-17 23:33:41,513 INFO org.springframework.boot.web.embedded.tomcat.TomcatWebServer [main] Tomcat started on port(s): 9070 (http) with context path ''
2022-09-17 23:33:41,515 INFO org.springframework.boot.StartupInfoLogger [main] Started SareetaApplication in 5.527 seconds (JVM running for 8.215)
2022-09-17 23:34:17,442 INFO org.apache.juli.logging.DirectJDKLog [http-nio-9070-exec-2] Initializing Spring DispatcherServlet 'dispatcherServlet'
2022-09-17 23:34:17,443 INFO org.springframework.web.servlet.FrameworkServlet [http-nio-9070-exec-2] Initializing Servlet 'dispatcherServlet'
2022-09-17 23:34:17,450 INFO org.springframework.web.servlet.FrameworkServlet [http-nio-9070-exec-2] Completed initialization in 6 ms
2022-09-17 23:34:17,671 INFO com.example.demo.controllers.UserController [http-nio-9070-exec-2] User pablinchapin successfully created
2022-09-17 23:34:27,858 DEBUG org.springframework.security.web.authentication.AbstractAuthenticationProcessingFilter [http-nio-9070-exec-6] Request is to process authentication
2022-09-17 23:34:27,933 INFO org.hibernate.hql.internal.QueryTranslatorFactoryInitiator [http-nio-9070-exec-6] HHH000397: Using ASTQueryTranslatorFactory
2022-09-17 23:36:48,361 INFO com.example.demo.controllers.ItemController [http-nio-9070-exec-8] Retrieving all item list
2022-09-17 23:37:28,394 INFO com.example.demo.controllers.ItemController [http-nio-9070-exec-9] Retrieving item by id 1
2022-09-17 23:38:44,125 ERROR org.apache.juli.logging.DirectJDKLog [http-nio-9070-exec-2] Servlet.service() for servlet [dispatcherServlet] in context with path [] threw exception
org.springframework.security.web.firewall.RequestRejectedException: The request was rejected because the URL contained a potentially malicious String ";"
	at org.springframework.security.web.firewall.StrictHttpFirewall.rejectedBlacklistedUrls(StrictHttpFirewall.java:325)
	at org.springframework.security.web.firewall.StrictHttpFirewall.getFirewalledRequest(StrictHttpFirewall.java:293)
	at org.springframework.security.web.FilterChainProxy.doFilterInternal(FilterChainProxy.java:194)
	at org.springframework.security.web.FilterChainProxy.doFilter(FilterChainProxy.java:178)
	at org.springframework.web.filter.DelegatingFilterProxy.invokeDelegate(DelegatingFilterProxy.java:357)
	at org.springframework.web.filter.DelegatingFilterProxy.doFilter(DelegatingFilterProxy.java:270)
	at org.apache.catalina.core.ApplicationFilterChain.internalDoFilter(ApplicationFilterChain.java:193)
	at org.apache.catalina.core.ApplicationFilterChain.doFilter(ApplicationFilterChain.java:166)
	at org.springframework.web.filter.RequestContextFilter.doFilterInternal(RequestContextFilter.java:99)
	at org.springframework.web.filter.OncePerRequestFilter.doFilter(OncePerRequestFilter.java:107)
	at org.apache.catalina.core.ApplicationFilterChain.internalDoFilter(ApplicationFilterChain.java:193)
	at org.apache.catalina.core.ApplicationFilterChain.doFilter(ApplicationFilterChain.java:166)
	at org.springframework.web.filter.FormContentFilter.doFilterInternal(FormContentFilter.java:92)
	at org.springframework.web.filter.OncePerRequestFilter.doFilter(OncePerRequestFilter.java:107)
	at org.apache.catalina.core.ApplicationFilterChain.internalDoFilter(ApplicationFilterChain.java:193)
	at org.apache.catalina.core.ApplicationFilterChain.doFilter(ApplicationFilterChain.java:166)
	at org.springframework.web.filter.HiddenHttpMethodFilter.doFilterInternal(HiddenHttpMethodFilter.java:93)
	at org.springframework.web.filter.OncePerRequestFilter.doFilter(OncePerRequestFilter.java:107)
	at org.apache.catalina.core.ApplicationFilterChain.internalDoFilter(ApplicationFilterChain.java:193)
	at org.apache.catalina.core.ApplicationFilterChain.doFilter(ApplicationFilterChain.java:166)
	at org.springframework.web.filter.CharacterEncodingFilter.doFilterInternal(CharacterEncodingFilter.java:200)
	at org.springframework.web.filter.OncePerRequestFilter.doFilter(OncePerRequestFilter.java:107)
	at org.apache.catalina.core.ApplicationFilterChain.internalDoFilter(ApplicationFilterChain.java:193)
	at org.apache.catalina.core.ApplicationFilterChain.doFilter(ApplicationFilterChain.java:166)
	at org.apache.catalina.core.StandardWrapperValve.invoke(StandardWrapperValve.java:200)
	at org.apache.catalina.core.StandardContextValve.invoke(StandardContextValve.java:96)
	at org.apache.catalina.authenticator.AuthenticatorBase.invoke(AuthenticatorBase.java:490)
	at org.apache.catalina.core.StandardHostValve.invoke(StandardHostValve.java:139)
	at org.apache.catalina.valves.ErrorReportValve.invoke(ErrorReportValve.java:92)
	at org.apache.catalina.core.StandardEngineValve.invoke(StandardEngineValve.java:74)
	at org.apache.catalina.connector.CoyoteAdapter.service(CoyoteAdapter.java:343)
	at org.apache.coyote.http11.Http11Processor.service(Http11Processor.java:408)
	at org.apache.coyote.AbstractProcessorLight.process(AbstractProcessorLight.java:66)
	at org.apache.coyote.AbstractProtocol$ConnectionHandler.process(AbstractProtocol.java:836)
	at org.apache.tomcat.util.net.NioEndpoint$SocketProcessor.doRun(NioEndpoint.java:1747)
	at org.apache.tomcat.util.net.SocketProcessorBase.run(SocketProcessorBase.java:49)
	at java.base/java.util.concurrent.ThreadPoolExecutor.runWorker(ThreadPoolExecutor.java:1136)
	at java.base/java.util.concurrent.ThreadPoolExecutor$Worker.run(ThreadPoolExecutor.java:635)
	at org.apache.tomcat.util.threads.TaskThread$WrappingRunnable.run(TaskThread.java:61)
	at java.base/java.lang.Thread.run(Thread.java:833)
2022-09-17 23:38:59,269 INFO com.example.demo.controllers.ItemController [http-nio-9070-exec-6] Retrieving items by name Round
2022-09-17 23:41:15,589 INFO com.example.demo.controllers.ItemController [http-nio-9070-exec-9] Retrieving items by name Round Widget
2022-09-17 23:46:20,711 INFO com.example.demo.controllers.CartController [http-nio-9070-exec-5] pablinchapin cart successfully saved
2022-09-17 23:46:40,015 INFO com.example.demo.controllers.CartController [http-nio-9070-exec-4] pablinchapin cart successfully saved
2022-09-17 23:47:39,956 INFO com.example.demo.controllers.CartController [http-nio-9070-exec-10] Item pablinchapin not found, it can not be added to this cart
2022-09-17 23:49:03,671 INFO com.example.demo.controllers.CartController [http-nio-9070-exec-1] pablinchapin cart successfully updated
2022-09-17 23:49:16,174 INFO com.example.demo.controllers.CartController [http-nio-9070-exec-7] pablinchapin cart successfully updated
2022-09-17 23:52:14,275 INFO com.example.demo.controllers.OrderController [http-nio-9070-exec-5] Retrieving user pablinchapin order data
2022-09-17 23:53:34,987 INFO com.example.demo.controllers.OrderController [http-nio-9070-exec-10] User pablinchapin order successfully saved
2022-09-17 23:53:41,838 INFO com.example.demo.controllers.OrderController [http-nio-9070-exec-8] Retrieving user pablinchapin order data
